 BELLHOP/BELLHOP3D

 BELLHOP- Block problem                                                          
 frequency =   100.0     Hz

 Dummy parameter NMedia =            1

     C-linear approximation to SSP
     Attenuation units: dB/wavelength
     VACUUM

 Depth =    1000.00 m

 Sound speed profile:
   z (m)     alphaR (m/s)   betaR  rho (g/cm^3)  alphaI     betaI

      0.00      1500.00      0.00     1.00       0.0000    0.0000
   1000.00      1500.00      0.00     1.00       0.0000    0.0000

                                 ( RMS roughness =   0.00     )
     Bathymetry file selected
     ACOUSTO-ELASTIC half-space
   1000.00      2000.00      0.00     2.00       0.5000    0.0000

 __________________________________________________________________________


 Number of source   depths =            1
 Source depths (m)
   500.000    

 Number of receiver depths =          101
 Receiver depths (m)
   0.00000       10.0000       20.0000       30.0000       40.0000    
   50.0000       60.0000       70.0000       80.0000       90.0000    
   100.000       110.000       120.000       130.000       140.000    
   150.000       160.000       170.000       180.000       190.000    
   200.000    
  ...    1000.00000    

 Number of receiver ranges =          501
 Receiver ranges (km)
   0.00000      0.100000E-01  0.200000E-01  0.300000E-01  0.400000E-01
  0.500000E-01  0.600000E-01  0.700000E-01  0.800000E-01  0.900000E-01
  0.100000      0.110000      0.120000      0.130000      0.140000    
  0.150000      0.160000      0.170000      0.180000      0.190000    
  0.200000    
  ...    5.00000000    

 Coherent TL calculation
 Geometric hat beams in Cartesian coordinates
 Point source (cylindrical coordinates)
 Rectilinear receiver grid: Receivers at rr( : ) x rd( : )

 Number of beams in elevation   =          301
 Beam take-off angles (degrees)
  -20.0000      -19.8667      -19.7333      -19.6000      -19.4667    
  -19.3333      -19.2000      -19.0667      -18.9333      -18.8000    
  -18.6667      -18.5333      -18.4000      -18.2667      -18.1333    
  -18.0000      -17.8667      -17.7333      -17.6000      -17.4667    
  -17.3333    
  ...    20.000000000000000     

 __________________________________________________________________________


 Step length,      deltas =    5.0000000000000000      m

 Maximum ray depth, Box%z =    1001.0000000000000      m
 Maximum ray range, Box%r =    5100.0000000000000      m
 No beam shift in effect

 *********************************
 Using bottom-bathymetry file
 Piecewise linear interpolation
 Number of bathymetry points           6

 Short format (bathymetry only)
  Range (km)  Depth (m)
 -0.200E-02  0.100E+04
   2.00      0.100E+04
   2.01       500.    
   2.99       500.    
   3.00      0.100E+04
   5.00      0.100E+04

Tracing beam       1    -20.00

 Geometic hat beams                      
 halfwidth  =    2051.7539687573308     
 epsilonOpt =                (0.0000000000000000,1322514483.8513777)
 EpsMult    =    1.0000000000000000     

Tracing beam       7    -19.20
Tracing beam      13    -18.40
Tracing beam      19    -17.60
Tracing beam      25    -16.80
Tracing beam      31    -16.00
Tracing beam      37    -15.20
Tracing beam      43    -14.40
Tracing beam      49    -13.60
Tracing beam      55    -12.80
Tracing beam      61    -12.00
Tracing beam      67    -11.20
Tracing beam      73    -10.40
Tracing beam      79     -9.60
Tracing beam      85     -8.80
Tracing beam      91     -8.00
Tracing beam      97     -7.20
Tracing beam     103     -6.40
Tracing beam     109     -5.60
Tracing beam     115     -4.80
Tracing beam     121     -4.00
Tracing beam     127     -3.20
Tracing beam     133     -2.40
Tracing beam     139     -1.60
Tracing beam     145     -0.80
Tracing beam     151     -0.00
Tracing beam     157      0.80
Tracing beam     163      1.60
Tracing beam     169      2.40
Tracing beam     175      3.20
Tracing beam     181      4.00
Tracing beam     187      4.80
Tracing beam     193      5.60
Tracing beam     199      6.40
Tracing beam     205      7.20
Tracing beam     211      8.00
Tracing beam     217      8.80
Tracing beam     223      9.60
Tracing beam     229     10.40
Tracing beam     235     11.20
Tracing beam     241     12.00
Tracing beam     247     12.80
Tracing beam     253     13.60
Tracing beam     259     14.40
Tracing beam     265     15.20
Tracing beam     271     16.00
Tracing beam     277     16.80
Tracing beam     283     17.60
Tracing beam     289     18.40
Tracing beam     295     19.20
Tracing beam     301     20.00

 CPU Time =       0.138    s
