 BELLHOP/BELLHOP3D

 BELLHOP3D- Wedge problem                                                        
 frequency =   122.0     Hz

 Dummy parameter NMedia =            1

     Spline approximation to SSP
     Attenuation units: dB/wavelength
     THORP attenuation added
     VACUUM

 Depth =      88.80 m

 Sound speed profile:
   z (m)     alphaR (m/s)   betaR  rho (g/cm^3)  alphaI     betaI

      0.00      1488.20      0.00     1.00       0.0000    0.0000
     88.80      1488.20      0.00     1.00       0.0000    0.0000

                                 ( RMS roughness =   0.00     )
     Bathymetry file selected
     ACOUSTO-ELASTIC half-space
     88.80      1700.00      0.00     1.99       0.5000    0.0000
 __________________________________________________________________________


 Number of source x coordinates =            1
 Source x coordinate (km)
   0.00000    


 Number of source y coordinates =            1
 Source y coordinate (km)
   0.00000    

 __________________________________________________________________________


 Number of source   depths =            1
 Source depths (m)
   8.30000    

 Number of receiver depths =           41
 Receiver depths (m)
   1.00000       1.07500       1.15000       1.22500       1.30000    
   1.37500       1.45000       1.52500       1.60000       1.67500    
   1.75000       1.82500       1.90000       1.97500       2.05000    
   2.12500       2.20000       2.27500       2.35000       2.42500    
   2.50000    
  ...    4.00000000    

 Number of receiver ranges =           11
 Receiver ranges (km)
   0.00000      0.500000       1.00000       1.50000       2.00000    
   2.50000       3.00000       3.50000       4.00000       4.50000    
   5.00000    

 __________________________________________________________________________


 Number of receiver bearings =            2
 Receiver bearings (degrees)
   0.00000       1.00000    

 Ray trace run
 Geometric hat beams in Cartesian coordinates
 Point source (cylindrical coordinates)
 Rectilinear receiver grid: Receivers at rr( : ) x rd( : )
 3D calculation

 Number of beams in elevation   =            5
 Beam take-off angles (degrees)
  -27.0000      -13.5000       0.00000       13.5000       27.0000    

 Number of beams in bearing   =            3
 Beam take-off angles (degrees)
   90.0000       100.000       110.000    

 __________________________________________________________________________


 Step length,        deltas =    1.0000000000000000      m

 Maximum ray x-range, Box%x =    557.93026907540798      m
 Maximum ray y-range, Box%y =    5000.0000000000000      m
 Maximum ray depth,   Box%z =    88.799999999999997      m

 *********************************
 Using bottom-bathymetry file
 Regular grid for a 3D run

 Number of bathymetry points in x-direction           2
 -0.557930      0.557930    

 Number of bathymetry points in y-direction           2
  -5.00000       5.00000    



 xs =    0.0000000000000000        0.0000000000000000        8.3000001907348633     

 Geometric beam, hat-shaped, Cart. coord.                                        
 HalfWidth1  =    0.0000000000000000     
 HalfWidth2  =    0.0000000000000000     
 epsilonOPT1 =                (0.0000000000000000,0.0000000000000000)
 epsilonOPT2 =                (0.0000000000000000,0.0000000000000000)
 EpsMult     =    1.0000000000000000     

Tracing azimuthal beam    1     90.00
 x =    557.93027314537119     
 xMin =   -557.93026907540798     
 xMax =    557.93026907540798     

 *** WARNING ***
 Generated by program or subroutine: GetBotSeg3D
 Bathymetry undefined below the ray

 x =    557.93027116821395     
 xMin =   -557.93026907540798     
 xMax =    557.93026907540798     

 *** WARNING ***
 Generated by program or subroutine: GetBotSeg3D
 Bathymetry undefined below the ray

 y =    5000.0000099999997     
 yMin =   -5000.0000000000000     
 yMax =    5000.0000000000000     

 *** WARNING ***
 Generated by program or subroutine: GetBotSeg3D
 Bathymetry undefined below the ray

 x =    557.93027116821395     
 xMin =   -557.93026907540798     
 xMax =    557.93026907540798     

 *** WARNING ***
 Generated by program or subroutine: GetBotSeg3D
 Bathymetry undefined below the ray

 x =    557.93027314537119     
 xMin =   -557.93026907540798     
 xMax =    557.93026907540798     

 *** WARNING ***
 Generated by program or subroutine: GetBotSeg3D
 Bathymetry undefined below the ray

Tracing azimuthal beam    2    100.00
 x =    557.93027335201657     
 xMin =   -557.93026907540798     
 xMax =    557.93026907540798     

 *** WARNING ***
 Generated by program or subroutine: GetBotSeg3D
 Bathymetry undefined below the ray

 x =    557.93027166979221     
 xMin =   -557.93026907540798     
 xMax =    557.93026907540798     

 *** WARNING ***
 Generated by program or subroutine: GetBotSeg3D
 Bathymetry undefined below the ray

 y =    5000.0000098480778     
 yMin =   -5000.0000000000000     
 yMax =    5000.0000000000000     

 *** WARNING ***
 Generated by program or subroutine: GetBotSeg3D
 Bathymetry undefined below the ray

 x =    557.93027166979221     
 xMin =   -557.93026907540798     
 xMax =    557.93026907540798     

 *** WARNING ***
 Generated by program or subroutine: GetBotSeg3D
 Bathymetry undefined below the ray

 x =    557.93027335201657     
 xMin =   -557.93026907540798     
 xMax =    557.93026907540798     

 *** WARNING ***
 Generated by program or subroutine: GetBotSeg3D
 Bathymetry undefined below the ray

Tracing azimuthal beam    3    110.00
 x =    557.93027407937529     
 xMin =   -557.93026907540798     
 xMax =    557.93026907540798     

 *** WARNING ***
 Generated by program or subroutine: GetBotSeg3D
 Bathymetry undefined below the ray

 x =    557.93027294988246     
 xMin =   -557.93026907540798     
 xMax =    557.93026907540798     

 *** WARNING ***
 Generated by program or subroutine: GetBotSeg3D
 Bathymetry undefined below the ray

 x =    557.93027249352588     
 xMin =   -557.93026907540798     
 xMax =    557.93026907540798     

 *** WARNING ***
 Generated by program or subroutine: GetBotSeg3D
 Bathymetry undefined below the ray

 x =    557.93027294988246     
 xMin =   -557.93026907540798     
 xMax =    557.93026907540798     

 *** WARNING ***
 Generated by program or subroutine: GetBotSeg3D
 Bathymetry undefined below the ray

 x =    557.93027407937529     
 xMin =   -557.93026907540798     
 xMax =    557.93026907540798     

 *** WARNING ***
 Generated by program or subroutine: GetBotSeg3D
 Bathymetry undefined below the ray


 CPU Time =       0.189    s
