 BELLHOP/BELLHOP3D

 BELLHOP- Santos Munk profile                                                    
 frequency =   50.00     Hz

 Dummy parameter NMedia =            1

     N2-linear approximation to SSP
     Attenuation units: dB/wavelength
     VACUUM

 Depth =    2000.00 m

 Sound speed profile:
   z (m)     alphaR (m/s)   betaR  rho (g/cm^3)  alphaI     betaI

      0.00      1548.52      0.00     1.00       0.0000    0.0000
    200.00      1530.29      0.00     1.00       0.0000    0.0000
    250.00      1526.69      0.00     1.00       0.0000    0.0000
    400.00      1517.78      0.00     1.00       0.0000    0.0000
    600.00      1509.49      0.00     1.00       0.0000    0.0000
    800.00      1504.30      0.00     1.00       0.0000    0.0000
   1000.00      1501.38      0.00     1.00       0.0000    0.0000
   1200.00      1500.14      0.00     1.00       0.0000    0.0000
   1400.00      1500.12      0.00     1.00       0.0000    0.0000
   1600.00      1501.02      0.00     1.00       0.0000    0.0000
   1800.00      1502.57      0.00     1.00       0.0000    0.0000
   2000.00      1504.62      0.00     1.00       0.0000    0.0000

                                 ( RMS roughness =   0.00     )
     Bathymetry file selected
     ACOUSTO-ELASTIC half-space
   2000.00      1500.00      0.00     1.00       0.0000    0.0000

 __________________________________________________________________________


 Number of source   depths =            1
 Source depths (m)
   50.0000    

 Number of receiver depths =            1
 Receiver depths (m)
   1751.00    

 Number of receiver ranges =            1
 Receiver ranges (km)
   6.00000    

 Ray trace run
 Geometric hat beams in Cartesian coordinates
 Point source (cylindrical coordinates)
 Rectilinear receiver grid: Receivers at rr( : ) x rd( : )

 Number of beams in elevation   =          100
 Beam take-off angles (degrees)
  -45.0000      -44.0909      -43.1818      -42.2727      -41.3636    
  -40.4545      -39.5455      -38.6364      -37.7273      -36.8182    
  -35.9091      -35.0000      -34.0909      -33.1818      -32.2727    
  -31.3636      -30.4545      -29.5455      -28.6364      -27.7273    
  -26.8182    
  ...    45.000000000000000     

 __________________________________________________________________________


 Step length,      deltas =    0.0000000000000000      m

 Maximum ray depth, Box%z =    1800.0000000000000      m
 Maximum ray range, Box%r =    12000.000000000000      m

 *********************************
 Using bottom-bathymetry file
 Piecewise linear interpolation
 Number of bathymetry points          13

 Short format (bathymetry only)
  Range (km)  Depth (m)
   0.00      0.170E+04
   1.00      0.171E+04
   2.01      0.172E+04
   3.01      0.173E+04
   4.02      0.174E+04
   5.02      0.174E+04
   6.02      0.175E+04
   7.03      0.176E+04
   8.03      0.176E+04
   9.04      0.177E+04
   10.0      0.178E+04
   11.0      0.179E+04
   12.0      0.180E+04

 Step length,      deltas =    200.00000000000000      m (automatically selected)

Tracing beam       1    -45.00
Tracing beam       3    -43.18
Tracing beam       5    -41.36
Tracing beam       7    -39.55
Tracing beam       9    -37.73
Tracing beam      11    -35.91
Tracing beam      13    -34.09
Tracing beam      15    -32.27
Tracing beam      17    -30.45
Tracing beam      19    -28.64
Tracing beam      21    -26.82
Tracing beam      23    -25.00
Tracing beam      25    -23.18
Tracing beam      27    -21.36
Tracing beam      29    -19.55
Tracing beam      31    -17.73
Tracing beam      33    -15.91
Tracing beam      35    -14.09
Tracing beam      37    -12.27
Tracing beam      39    -10.45
Tracing beam      41     -8.64
Tracing beam      43     -6.82
Tracing beam      45     -5.00
Tracing beam      47     -3.18
Tracing beam      49     -1.36
Tracing beam      51      0.45
Tracing beam      53      2.27
Tracing beam      55      4.09
Tracing beam      57      5.91
Tracing beam      59      7.73
Tracing beam      61      9.55
Tracing beam      63     11.36
Tracing beam      65     13.18
Tracing beam      67     15.00
Tracing beam      69     16.82
Tracing beam      71     18.64
Tracing beam      73     20.45
Tracing beam      75     22.27
Tracing beam      77     24.09
Tracing beam      79     25.91
Tracing beam      81     27.73
Tracing beam      83     29.55
Tracing beam      85     31.36
Tracing beam      87     33.18
Tracing beam      89     35.00
Tracing beam      91     36.82
Tracing beam      93     38.64
Tracing beam      95     40.45
Tracing beam      97     42.27
Tracing beam      99     44.09

 CPU Time =       0.307E-01s
