 BELLHOP/BELLHOP3D

 BELLHOP- Santos Munk profile                                                    
 frequency =   50.00     Hz

 Dummy parameter NMedia =            1

     N2-linear approximation to SSP
     Attenuation units: dB/wavelength
     VACUUM

 Depth =    2000.00 m

 Sound speed profile:
   z (m)     alphaR (m/s)   betaR  rho (g/cm^3)  alphaI     betaI

      0.00      1548.52      0.00     1.00       0.0000    0.0000
    200.00      1530.29      0.00     1.00       0.0000    0.0000
    250.00      1526.69      0.00     1.00       0.0000    0.0000
    400.00      1517.78      0.00     1.00       0.0000    0.0000
    600.00      1509.49      0.00     1.00       0.0000    0.0000
    800.00      1504.30      0.00     1.00       0.0000    0.0000
   1000.00      1501.38      0.00     1.00       0.0000    0.0000
   1200.00      1500.14      0.00     1.00       0.0000    0.0000
   1400.00      1500.12      0.00     1.00       0.0000    0.0000
   1600.00      1501.02      0.00     1.00       0.0000    0.0000
   1800.00      1502.57      0.00     1.00       0.0000    0.0000
   2000.00      1504.62      0.00     1.00       0.0000    0.0000

                                 ( RMS roughness =   0.00     )
     VACUUM

 __________________________________________________________________________


 Number of source   depths =            1
 Source depths (m)
   1000.00    

 Number of receiver depths =            2
 Receiver depths (m)
   0.00000       1800.00    

 Number of receiver ranges =          501
 Receiver ranges (km)
   0.00000      0.100000E-01  0.200000E-01  0.300000E-01  0.400000E-01
  0.500000E-01  0.600000E-01  0.700000E-01  0.800000E-01  0.900000E-01
  0.100000      0.110000      0.120000      0.130000      0.140000    
  0.150000      0.160000      0.170000      0.180000      0.190000    
  0.200000    
  ...    5.00000000    

 Ray trace run
 Geometric hat beams in Cartesian coordinates
 Point source (cylindrical coordinates)
 Rectilinear receiver grid: Receivers at rr( : ) x rd( : )

 Number of beams in elevation   =           51
 Beam take-off angles (degrees)
  -11.0000      -10.5600      -10.1200      -9.68000      -9.24000    
  -8.80000      -8.36000      -7.92000      -7.48000      -7.04000    
  -6.60000      -6.16000      -5.72000      -5.28000      -4.84000    
  -4.40000      -3.96000      -3.52000      -3.08000      -2.64000    
  -2.20000    
  ...    11.000000000000000     

 __________________________________________________________________________


 Step length,      deltas =    0.0000000000000000      m

 Maximum ray depth, Box%z =    1800.0000000000000      m
 Maximum ray range, Box%r =    12000.000000000000      m


 Step length,      deltas =    200.00000000000000      m (automatically selected)

Tracing beam       1    -11.00
Tracing beam       2    -10.56
Tracing beam       3    -10.12
Tracing beam       4     -9.68
Tracing beam       5     -9.24
Tracing beam       6     -8.80
Tracing beam       7     -8.36
Tracing beam       8     -7.92
Tracing beam       9     -7.48
Tracing beam      10     -7.04
Tracing beam      11     -6.60
Tracing beam      12     -6.16
Tracing beam      13     -5.72
Tracing beam      14     -5.28
Tracing beam      15     -4.84
Tracing beam      16     -4.40
Tracing beam      17     -3.96
Tracing beam      18     -3.52
Tracing beam      19     -3.08
Tracing beam      20     -2.64
Tracing beam      21     -2.20
Tracing beam      22     -1.76
Tracing beam      23     -1.32
Tracing beam      24     -0.88
Tracing beam      25     -0.44
Tracing beam      26      0.00
Tracing beam      27      0.44
Tracing beam      28      0.88
Tracing beam      29      1.32
Tracing beam      30      1.76
Tracing beam      31      2.20
Tracing beam      32      2.64
Tracing beam      33      3.08
Tracing beam      34      3.52
Tracing beam      35      3.96
Tracing beam      36      4.40
Tracing beam      37      4.84
Tracing beam      38      5.28
Tracing beam      39      5.72
Tracing beam      40      6.16
Tracing beam      41      6.60
Tracing beam      42      7.04
Tracing beam      43      7.48
Tracing beam      44      7.92
Tracing beam      45      8.36
Tracing beam      46      8.80
Tracing beam      47      9.24
Tracing beam      48      9.68
Tracing beam      49     10.12
Tracing beam      50     10.56
Tracing beam      51     11.00

 CPU Time =       0.548E-02s
